{
  "stats": {
    "suites": 1,
    "tests": 3,
    "passes": 2,
    "pending": 0,
    "failures": 1,
    "start": "2022-12-17T14:03:39.324Z",
    "end": "2022-12-17T14:04:00.695Z",
    "duration": 21371,
    "testsRegistered": 3,
    "passPercent": 66.66666666666666,
    "pendingPercent": 0,
    "other": 0,
    "hasOther": false,
    "skipped": 0,
    "hasSkipped": false
  },
  "results": [
    {
      "uuid": "c8e02974-77f2-4090-ab7c-921deb714f59",
      "title": "",
      "fullFile": "cypress\\e2e\\test\\productGallery.cy.js",
      "file": "cypress\\e2e\\test\\productGallery.cy.js",
      "beforeHooks": [],
      "afterHooks": [],
      "tests": [],
      "suites": [
        {
          "uuid": "d38cb680-b429-4869-998b-85d1c6467ed1",
          "title": "Product Gallery",
          "fullFile": "",
          "file": "",
          "beforeHooks": [],
          "afterHooks": [],
          "tests": [
            {
              "title": "Product list is displayed",
              "fullTitle": "Product Gallery Product list is displayed",
              "timedOut": null,
              "duration": 10767,
              "state": "passed",
              "speed": "slow",
              "pass": true,
              "fail": false,
              "pending": false,
              "context": null,
              "code": "cy.get(\"#signInOrRegister\").click(); //Login on to site.\ncy.origin(\"https://dev-mlluudmotpwoldtv.us.auth0.com\", {\n  args: {}\n}, ({}) => {});\n_authentication.default.login('test1@tester.com', 'Password1'); // Assertion\n\ncy.get(_productGallery.default.productList).should('be.visible').and('to.exist');",
              "err": {},
              "uuid": "a4935f2d-883e-4159-a678-7226b24413e9",
              "parentUUID": "d38cb680-b429-4869-998b-85d1c6467ed1",
              "isHook": false,
              "skipped": false
            },
            {
              "title": "Navigate to Sign Out from Home page",
              "fullTitle": "Product Gallery Navigate to Sign Out from Home page",
              "timedOut": null,
              "duration": 9363,
              "state": "passed",
              "speed": "medium",
              "pass": true,
              "fail": false,
              "pending": false,
              "context": null,
              "code": "cy.get(\"#signInOrRegister\").click(); //Login on to site.\ncy.origin(\"https://dev-mlluudmotpwoldtv.us.auth0.com\", {\n  args: {}\n}, ({}) => {});\n_authentication.default.login('test1@tester.com', 'Password1'); // Assertion\n\ncy.get(_productGallery.default.signoutBtn).should('be.visible').click();\ncy.url().should('eq', 'https://ui-automation-camp.vercel.app/');",
              "err": {},
              "uuid": "aa1386c1-6242-4f26-bda7-75dc1d316976",
              "parentUUID": "d38cb680-b429-4869-998b-85d1c6467ed1",
              "isHook": false,
              "skipped": false
            },
            {
              "title": "Find text in on Home page",
              "fullTitle": "Product Gallery Find text in on Home page",
              "timedOut": null,
              "duration": 921,
              "state": "failed",
              "speed": null,
              "pass": false,
              "fail": true,
              "pending": false,
              "context": null,
              "code": "cy.get(\"#signInOrRegister\").click(); //Login on to site.\ncy.origin(\"https://dev-mlluudmotpwoldtv.us.auth0.com\", {\n  args: {}\n}, ({}) => {});\n_authentication.default.login('test1@tester.com', 'Password1'); // Assertion\n\ncy.wait(3000);\ncy.get(productGallery.shopNowH2).should('be.visible').and('contain.text', 'Shop Now');",
              "err": {
                "message": "ReferenceError: productGallery is not defined",
                "estack": "ReferenceError: productGallery is not defined\n    at Context.eval (webpack:///./cypress/e2e/test/productGallery.cy.js:49:18)",
                "diff": null
              },
              "uuid": "ffe2535d-61ef-49f1-85a4-795bb062f453",
              "parentUUID": "d38cb680-b429-4869-998b-85d1c6467ed1",
              "isHook": false,
              "skipped": false
            }
          ],
          "suites": [],
          "passes": [
            "a4935f2d-883e-4159-a678-7226b24413e9",
            "aa1386c1-6242-4f26-bda7-75dc1d316976"
          ],
          "failures": [
            "ffe2535d-61ef-49f1-85a4-795bb062f453"
          ],
          "pending": [],
          "skipped": [],
          "duration": 21051,
          "root": false,
          "rootEmpty": false,
          "_timeout": 2000
        }
      ],
      "passes": [],
      "failures": [],
      "pending": [],
      "skipped": [],
      "duration": 0,
      "root": true,
      "rootEmpty": true,
      "_timeout": 2000
    }
  ],
  "meta": {
    "mocha": {
      "version": "7.0.1"
    },
    "mochawesome": {
      "options": {
        "quiet": false,
        "reportFilename": "mochawesome",
        "saveHtml": false,
        "saveJson": true,
        "consoleReporter": "spec",
        "useInlineDiffs": false,
        "code": true
      },
      "version": "7.1.3"
    },
    "marge": {
      "options": {
        "reportDir": "cypress/reports",
        "overwrite": false,
        "html": false,
        "json": true
      },
      "version": "6.2.0"
    }
  }
}