{
  "stats": {
    "suites": 1,
    "tests": 3,
    "passes": 3,
    "pending": 0,
    "failures": 0,
    "start": "2022-12-18T00:39:48.074Z",
    "end": "2022-12-18T00:40:22.127Z",
    "duration": 34053,
    "testsRegistered": 3,
    "passPercent": 100,
    "pendingPercent": 0,
    "other": 0,
    "hasOther": false,
    "skipped": 0,
    "hasSkipped": false
  },
  "results": [
    {
      "uuid": "c671d8e6-7818-4ad4-bf4a-563b5b62544a",
      "title": "",
      "fullFile": "cypress\\e2e\\test\\productGallery.cy.js",
      "file": "cypress\\e2e\\test\\productGallery.cy.js",
      "beforeHooks": [],
      "afterHooks": [],
      "tests": [],
      "suites": [
        {
          "uuid": "363dbcd7-fbdc-47d5-8e6e-eb540fc674ae",
          "title": "Product Gallery",
          "fullFile": "",
          "file": "",
          "beforeHooks": [],
          "afterHooks": [],
          "tests": [
            {
              "title": "Product list is displayed",
              "fullTitle": "Product Gallery Product list is displayed",
              "timedOut": null,
              "duration": 11118,
              "state": "passed",
              "speed": "slow",
              "pass": true,
              "fail": false,
              "pending": false,
              "context": null,
              "code": "cy.get(\"#signInOrRegister\").click(); //Login on to site.\ncy.origin(\"https://dev-mlluudmotpwoldtv.us.auth0.com\", {\n  args: {}\n}, ({}) => {});\n_authentication.default.login('test1@tester.com', 'Password1'); // Assertion\n\ncy.get(_productGallery.default.productList).should('be.visible').and('to.exist');",
              "err": {},
              "uuid": "0093e828-0abe-42f5-85b6-54b9f9f034ca",
              "parentUUID": "363dbcd7-fbdc-47d5-8e6e-eb540fc674ae",
              "isHook": false,
              "skipped": false
            },
            {
              "title": "Navigate to Sign Out from Home page",
              "fullTitle": "Product Gallery Navigate to Sign Out from Home page",
              "timedOut": null,
              "duration": 14088,
              "state": "passed",
              "speed": "slow",
              "pass": true,
              "fail": false,
              "pending": false,
              "context": null,
              "code": "cy.get(\"#signInOrRegister\").click(); //Login on to site.\ncy.origin(\"https://dev-mlluudmotpwoldtv.us.auth0.com\", {\n  args: {}\n}, ({}) => {});\n_authentication.default.login('test1@tester.com', 'Password1'); // Assertion\n\ncy.get(_productGallery.default.signoutBtn).should('be.visible').click();\ncy.url().should('eq', 'https://ui-automation-camp.vercel.app/');",
              "err": {},
              "uuid": "14cf15de-cfe1-438d-bda4-fb7af8d3f00d",
              "parentUUID": "363dbcd7-fbdc-47d5-8e6e-eb540fc674ae",
              "isHook": false,
              "skipped": false
            },
            {
              "title": "Find text in on Home page",
              "fullTitle": "Product Gallery Find text in on Home page",
              "timedOut": null,
              "duration": 8107,
              "state": "passed",
              "speed": "medium",
              "pass": true,
              "fail": false,
              "pending": false,
              "context": null,
              "code": "cy.get(\"#signInOrRegister\").click(); //Login on to site.\ncy.origin(\"https://dev-mlluudmotpwoldtv.us.auth0.com\", {\n  args: {}\n}, ({}) => {});\n_authentication.default.login('test1@tester.com', 'Password1'); // Assertion\n\ncy.wait(3000);\ncy.get(_productGallery.default.shopNowH2).should('be.visible').and('contain.text', 'Shop Now');",
              "err": {},
              "uuid": "2dc24bc8-e534-48e3-ba69-bb95c7d594d5",
              "parentUUID": "363dbcd7-fbdc-47d5-8e6e-eb540fc674ae",
              "isHook": false,
              "skipped": false
            }
          ],
          "suites": [],
          "passes": [
            "0093e828-0abe-42f5-85b6-54b9f9f034ca",
            "14cf15de-cfe1-438d-bda4-fb7af8d3f00d",
            "2dc24bc8-e534-48e3-ba69-bb95c7d594d5"
          ],
          "failures": [],
          "pending": [],
          "skipped": [],
          "duration": 33313,
          "root": false,
          "rootEmpty": false,
          "_timeout": 2000
        }
      ],
      "passes": [],
      "failures": [],
      "pending": [],
      "skipped": [],
      "duration": 0,
      "root": true,
      "rootEmpty": true,
      "_timeout": 2000
    }
  ],
  "meta": {
    "mocha": {
      "version": "7.0.1"
    },
    "mochawesome": {
      "options": {
        "quiet": false,
        "reportFilename": "mochawesome",
        "saveHtml": false,
        "saveJson": true,
        "consoleReporter": "spec",
        "useInlineDiffs": false,
        "code": true
      },
      "version": "7.1.3"
    },
    "marge": {
      "options": {
        "reportDir": "cypress/reports",
        "overwrite": false,
        "html": false,
        "json": true
      },
      "version": "6.2.0"
    }
  }
}