{
  "stats": {
    "suites": 1,
    "tests": 3,
    "passes": 2,
    "pending": 0,
    "failures": 1,
    "start": "2022-12-17T13:55:15.007Z",
    "end": "2022-12-17T13:56:42.274Z",
    "duration": 87267,
    "testsRegistered": 3,
    "passPercent": 66.66666666666666,
    "pendingPercent": 0,
    "other": 0,
    "hasOther": false,
    "skipped": 0,
    "hasSkipped": false
  },
  "results": [
    {
      "uuid": "c8baa11d-ccfb-47bc-8bfb-a0ead08f4568",
      "title": "",
      "fullFile": "cypress\\e2e\\test\\contact.cy.js",
      "file": "cypress\\e2e\\test\\contact.cy.js",
      "beforeHooks": [],
      "afterHooks": [],
      "tests": [],
      "suites": [
        {
          "uuid": "5f24651e-c5b1-486c-834f-b0ca2c7e1f4d",
          "title": "Contact",
          "fullFile": "",
          "file": "",
          "beforeHooks": [],
          "afterHooks": [],
          "tests": [
            {
              "title": "Navigate to contact page",
              "fullTitle": "Contact Navigate to contact page",
              "timedOut": null,
              "duration": 30215,
              "state": "passed",
              "speed": "slow",
              "pass": true,
              "fail": false,
              "pending": false,
              "context": null,
              "code": "cy.get(\"#signInOrRegister\").click(); //Login on to site.\ncy.origin(\"https://dev-mlluudmotpwoldtv.us.auth0.com\", {\n  args: {}\n}, ({}) => {});\nconst fakeEmail = faker.internet.email(); // const fakePassword = faker.internet.password();\ncy.get(_authentication.default.SignUpTab).click();\n_authentication.default.login(fakeEmail, 'Password1'); // Assertion\n\ncy.get(\"#product-0\").should('be.visible');\ncy.get(_contact.default.contactBtn).should('be.visible').click({\n  force: true\n});\ncy.get(_contact.default.hText).should('be.visible');",
              "err": {},
              "uuid": "62e0a9c7-2eec-479e-b102-290c739ee423",
              "parentUUID": "5f24651e-c5b1-486c-834f-b0ca2c7e1f4d",
              "isHook": false,
              "skipped": false
            },
            {
              "title": "Successful message is send",
              "fullTitle": "Contact Successful message is send",
              "timedOut": null,
              "duration": 31744,
              "state": "passed",
              "speed": "slow",
              "pass": true,
              "fail": false,
              "pending": false,
              "context": null,
              "code": "cy.get(\"#signInOrRegister\").click(); //Login on to site.\ncy.origin(\"https://dev-mlluudmotpwoldtv.us.auth0.com\", {\n  args: {}\n}, ({}) => {});\nconst fakeEmail = faker.internet.email(); // const fakePassword = faker.internet.password();\ncy.get(_authentication.default.SignUpTab).click();\n_authentication.default.login(fakeEmail, 'Password1'); // Assertion\n\ncy.get(\"#product-0\").should('be.visible');\ncy.get(_contact.default.contactBtn).should('be.visible').click({\n  force: true\n});\ncy.get(_contact.default.hText).should('be.visible');\n_contact.default.contactInfor(faker.name.firstName(), faker.name.lastName(), fakeEmail, faker.random.word(), faker.random.word());\ncy.get(_contact.default.messageSentNotification).should('be.visible').and('contain.text', 'Your message has been sent!');",
              "err": {},
              "uuid": "5ea240ec-380a-4f5d-9120-027db5dfc786",
              "parentUUID": "5f24651e-c5b1-486c-834f-b0ca2c7e1f4d",
              "isHook": false,
              "skipped": false
            },
            {
              "title": "Missing field ",
              "fullTitle": "Contact Missing field ",
              "timedOut": null,
              "duration": 24000,
              "state": "failed",
              "speed": null,
              "pass": false,
              "fail": true,
              "pending": false,
              "context": null,
              "code": "cy.get(\"#signInOrRegister\").click(); //Login on to site.\ncy.origin(\"https://dev-mlluudmotpwoldtv.us.auth0.com\", {\n  args: {}\n}, ({}) => {});\nconst fakeEmail = faker.internet.email(); // const fakePassword = faker.internet.password();\ncy.get(_authentication.default.SignUpTab).click();\n_authentication.default.login(fakeEmail, 'Password1'); // Assertion\n\ncy.get(\"#product-0\").should('be.visible');\ncy.get(_contact.default.contactBtn).should('be.visible').click({\n  force: true\n});\ncy.get(_contact.default.hText).should('be.visible');\n_contact.default.contactInforNegative(faker.name.firstName(), faker.name.lastName(), fakeEmail, faker.random.word());\ncy.get(_contact.default.messageSentNotification).should('not.exist');",
              "err": {
                "message": "AssertionError: Timed out retrying after 4000ms: Expected to find element: `.chakra-heading.css-z59od`, but never found it.",
                "estack": "AssertionError: Timed out retrying after 4000ms: Expected to find element: `.chakra-heading.css-z59od`, but never found it.\n    at Context.eval (webpack:///./cypress/e2e/test/contact.cy.js:74:22)",
                "diff": null
              },
              "uuid": "b50c7d31-01db-4b8b-984c-c1cea66e34be",
              "parentUUID": "5f24651e-c5b1-486c-834f-b0ca2c7e1f4d",
              "isHook": false,
              "skipped": false
            }
          ],
          "suites": [],
          "passes": [
            "62e0a9c7-2eec-479e-b102-290c739ee423",
            "5ea240ec-380a-4f5d-9120-027db5dfc786"
          ],
          "failures": [
            "b50c7d31-01db-4b8b-984c-c1cea66e34be"
          ],
          "pending": [],
          "skipped": [],
          "duration": 85959,
          "root": false,
          "rootEmpty": false,
          "_timeout": 2000
        }
      ],
      "passes": [],
      "failures": [],
      "pending": [],
      "skipped": [],
      "duration": 0,
      "root": true,
      "rootEmpty": true,
      "_timeout": 2000
    }
  ],
  "meta": {
    "mocha": {
      "version": "7.0.1"
    },
    "mochawesome": {
      "options": {
        "quiet": false,
        "reportFilename": "mochawesome",
        "saveHtml": false,
        "saveJson": true,
        "consoleReporter": "spec",
        "useInlineDiffs": false,
        "code": true
      },
      "version": "7.1.3"
    },
    "marge": {
      "options": {
        "reportDir": "cypress/reports",
        "overwrite": false,
        "html": false,
        "json": true
      },
      "version": "6.2.0"
    }
  }
}