{
  "stats": {
    "suites": 1,
    "tests": 3,
    "passes": 3,
    "pending": 0,
    "failures": 0,
    "start": "2022-12-18T00:32:17.076Z",
    "end": "2022-12-18T00:32:46.327Z",
    "duration": 29251,
    "testsRegistered": 3,
    "passPercent": 100,
    "pendingPercent": 0,
    "other": 0,
    "hasOther": false,
    "skipped": 0,
    "hasSkipped": false
  },
  "results": [
    {
      "uuid": "65afc4f9-1cf2-4e20-a682-ed5919ec62bb",
      "title": "",
      "fullFile": "cypress\\e2e\\test\\authentication.cy.js",
      "file": "cypress\\e2e\\test\\authentication.cy.js",
      "beforeHooks": [],
      "afterHooks": [],
      "tests": [],
      "suites": [
        {
          "uuid": "09ad74b7-6911-4788-a23c-d9da5654d2e2",
          "title": "Authentication",
          "fullFile": "",
          "file": "",
          "beforeHooks": [],
          "afterHooks": [],
          "tests": [
            {
              "title": "SignUp to platform",
              "fullTitle": "Authentication SignUp to platform",
              "timedOut": null,
              "duration": 14337,
              "state": "passed",
              "speed": "slow",
              "pass": true,
              "fail": false,
              "pending": false,
              "context": null,
              "code": "cy.get(\"#signInOrRegister\").click(); //Login on to site.\ncy.origin(\"https://dev-mlluudmotpwoldtv.us.auth0.com\", {\n  args: {}\n}, ({}) => {}); // const fakeEmail = faker.internet.email();\n// const fakePassword = faker.internet.password();\ncy.get(_authentication.default.SignUpTab).click();\n_authentication.default.login(fakeEmail, fakePassword); // Assertion\n\ncy.get(\"#product-0\").should('be.visible');",
              "err": {},
              "uuid": "4251034a-9d60-40e3-bf5c-c4cc6d6ce90a",
              "parentUUID": "09ad74b7-6911-4788-a23c-d9da5654d2e2",
              "isHook": false,
              "skipped": false
            },
            {
              "title": "Login to platform",
              "fullTitle": "Authentication Login to platform",
              "timedOut": null,
              "duration": 7842,
              "state": "passed",
              "speed": "medium",
              "pass": true,
              "fail": false,
              "pending": false,
              "context": null,
              "code": "cy.get(\"#signInOrRegister\").click(); //Login on to site.\ncy.origin(\"https://dev-mlluudmotpwoldtv.us.auth0.com\", {\n  args: {}\n}, ({}) => {});\n_authentication.default.login(fakeEmail, fakePassword); // Assertion\n\ncy.get(\"#product-0\").should('be.visible');",
              "err": {},
              "uuid": "5ca1e1d8-8911-4f10-82d8-dcbb5bf7d38a",
              "parentUUID": "09ad74b7-6911-4788-a23c-d9da5654d2e2",
              "isHook": false,
              "skipped": false
            },
            {
              "title": "Sign up with existing user to platform",
              "fullTitle": "Authentication Sign up with existing user to platform",
              "timedOut": null,
              "duration": 6317,
              "state": "passed",
              "speed": "medium",
              "pass": true,
              "fail": false,
              "pending": false,
              "context": null,
              "code": "cy.get(\"#signInOrRegister\").click(); //Login on to site.\ncy.origin(\"https://dev-mlluudmotpwoldtv.us.auth0.com\", {\n  args: {}\n}, ({}) => {});\ncy.get(_authentication.default.SignUpTab).click();\n_authentication.default.login(fakeEmail, fakePassword); // Assertion\n\ncy.get(_authentication.default.errorMessage).should('be.visible');",
              "err": {},
              "uuid": "c0cee4ae-4bba-4a65-bd24-96656f816077",
              "parentUUID": "09ad74b7-6911-4788-a23c-d9da5654d2e2",
              "isHook": false,
              "skipped": false
            }
          ],
          "suites": [],
          "passes": [
            "4251034a-9d60-40e3-bf5c-c4cc6d6ce90a",
            "5ca1e1d8-8911-4f10-82d8-dcbb5bf7d38a",
            "c0cee4ae-4bba-4a65-bd24-96656f816077"
          ],
          "failures": [],
          "pending": [],
          "skipped": [],
          "duration": 28496,
          "root": false,
          "rootEmpty": false,
          "_timeout": 2000
        }
      ],
      "passes": [],
      "failures": [],
      "pending": [],
      "skipped": [],
      "duration": 0,
      "root": true,
      "rootEmpty": true,
      "_timeout": 2000
    }
  ],
  "meta": {
    "mocha": {
      "version": "7.0.1"
    },
    "mochawesome": {
      "options": {
        "quiet": false,
        "reportFilename": "mochawesome",
        "saveHtml": false,
        "saveJson": true,
        "consoleReporter": "spec",
        "useInlineDiffs": false,
        "code": true
      },
      "version": "7.1.3"
    },
    "marge": {
      "options": {
        "reportDir": "cypress/reports",
        "overwrite": false,
        "html": false,
        "json": true
      },
      "version": "6.2.0"
    }
  }
}