{
  "stats": {
    "suites": 1,
    "tests": 3,
    "passes": 2,
    "pending": 0,
    "failures": 1,
    "start": "2022-12-17T13:50:50.187Z",
    "end": "2022-12-17T13:51:41.644Z",
    "duration": 51457,
    "testsRegistered": 3,
    "passPercent": 66.66666666666666,
    "pendingPercent": 0,
    "other": 0,
    "hasOther": false,
    "skipped": 0,
    "hasSkipped": false
  },
  "results": [
    {
      "uuid": "2ef45aab-a091-4811-9da8-013e2527fd99",
      "title": "",
      "fullFile": "cypress\\e2e\\test\\cart.cy.js",
      "file": "cypress\\e2e\\test\\cart.cy.js",
      "beforeHooks": [],
      "afterHooks": [],
      "tests": [],
      "suites": [
        {
          "uuid": "02ee23c1-a188-4104-9735-0e099cb975cd",
          "title": "Cart",
          "fullFile": "",
          "file": "",
          "beforeHooks": [],
          "afterHooks": [],
          "tests": [
            {
              "title": "Remove item from cart",
              "fullTitle": "Cart Remove item from cart",
              "timedOut": null,
              "duration": 20988,
              "state": "failed",
              "speed": null,
              "pass": false,
              "fail": true,
              "pending": false,
              "context": null,
              "code": "cy.get(\"#signInOrRegister\").click(); //Login on to site.\ncy.origin(\"https://dev-mlluudmotpwoldtv.us.auth0.com\", {\n  args: {}\n}, ({}) => {});\n_authentication.default.login('test1@tester.com', 'Password1'); // Assertion\n\ncy.get(\"#product-0\").should('be.visible');\n_addToCart.default.addToCart('Quality Mousepad');\ncy.get('section.snipcart-cart__content').should('be.visible');\n_cart.default.removeItem('1');\ncy.get(_cart.default.emptyCartMessage).should('be.visible').and('contain.text', 'Your cart is empty');",
              "err": {
                "message": "AssertionError: Timed out retrying after 4000ms: Expected to find element: `section.snipcart-cart__content`, but never found it.",
                "estack": "AssertionError: Timed out retrying after 4000ms: Expected to find element: `section.snipcart-cart__content`, but never found it.\n    at Context.eval (webpack:///./cypress/e2e/test/cart.cy.js:24:49)",
                "diff": null
              },
              "uuid": "a5039b8c-9377-4168-8cc9-09ee0cf7bf14",
              "parentUUID": "02ee23c1-a188-4104-9735-0e099cb975cd",
              "isHook": false,
              "skipped": false
            },
            {
              "title": "Increase quantity of item in cart",
              "fullTitle": "Cart Increase quantity of item in cart",
              "timedOut": null,
              "duration": 14417,
              "state": "passed",
              "speed": "slow",
              "pass": true,
              "fail": false,
              "pending": false,
              "context": null,
              "code": "cy.get(\"#signInOrRegister\").click(); //Login on to site.\ncy.origin(\"https://dev-mlluudmotpwoldtv.us.auth0.com\", {\n  args: {}\n}, ({}) => {});\n_authentication.default.login('test1@tester.com', 'Password1'); // Assertion\n\ncy.get(\"#product-0\").should('be.visible');\n_addToCart.default.addToCart('Quality Mousepad');\ncy.get('section.snipcart-cart__content').should('be.visible');\ncy.get(_cart.default.inceaseQuantityBtn).click();\ncy.get(_cart.default.quantityNumber).should('be.visible').and('have.text', 2);",
              "err": {},
              "uuid": "a6dfba79-2673-4775-9dc2-d30a616ebc15",
              "parentUUID": "02ee23c1-a188-4104-9735-0e099cb975cd",
              "isHook": false,
              "skipped": false
            },
            {
              "title": "Checkout button should not be displayed in empty cart",
              "fullTitle": "Cart Checkout button should not be displayed in empty cart",
              "timedOut": null,
              "duration": 15491,
              "state": "passed",
              "speed": "slow",
              "pass": true,
              "fail": false,
              "pending": false,
              "context": null,
              "code": "cy.get(\"#signInOrRegister\").click(); //Login on to site.\ncy.origin(\"https://dev-mlluudmotpwoldtv.us.auth0.com\", {\n  args: {}\n}, ({}) => {}); //cy.get(Authen.SignUpTab).click();\n_authentication.default.login('test1@tester.com', 'Password1'); // Assertion\n\ncy.get(\"#product-0\").should('be.visible'); //Use cy.wait(3500) for cart button to load properly to be clickable\ncy.wait(3500);\ncy.get(_cart.default.cartBtn).should('be.visible').click({\n  force: true\n});\ncy.wait(1500);\ncy.get(_cart.default.emptyCartMessage).should('be.visible'); //Assertion for negative test\ncy.get(_cart.default.checkoutBtn).should('not.exist');",
              "err": {},
              "uuid": "71f6d6aa-b3d8-40b6-9e1b-e5638a4dcf32",
              "parentUUID": "02ee23c1-a188-4104-9735-0e099cb975cd",
              "isHook": false,
              "skipped": false
            }
          ],
          "suites": [],
          "passes": [
            "a6dfba79-2673-4775-9dc2-d30a616ebc15",
            "71f6d6aa-b3d8-40b6-9e1b-e5638a4dcf32"
          ],
          "failures": [
            "a5039b8c-9377-4168-8cc9-09ee0cf7bf14"
          ],
          "pending": [],
          "skipped": [],
          "duration": 50896,
          "root": false,
          "rootEmpty": false,
          "_timeout": 2000
        }
      ],
      "passes": [],
      "failures": [],
      "pending": [],
      "skipped": [],
      "duration": 0,
      "root": true,
      "rootEmpty": true,
      "_timeout": 2000
    }
  ],
  "meta": {
    "mocha": {
      "version": "7.0.1"
    },
    "mochawesome": {
      "options": {
        "quiet": false,
        "reportFilename": "mochawesome",
        "saveHtml": false,
        "saveJson": true,
        "consoleReporter": "spec",
        "useInlineDiffs": false,
        "code": true
      },
      "version": "7.1.3"
    },
    "marge": {
      "options": {
        "reportDir": "cypress/reports",
        "overwrite": false,
        "html": false,
        "json": true
      },
      "version": "6.2.0"
    }
  }
}