{
  "stats": {
    "suites": 1,
    "tests": 3,
    "passes": 3,
    "pending": 0,
    "failures": 0,
    "start": "2022-12-17T14:04:17.845Z",
    "end": "2022-12-17T14:05:48.960Z",
    "duration": 91115,
    "testsRegistered": 3,
    "passPercent": 100,
    "pendingPercent": 0,
    "other": 0,
    "hasOther": false,
    "skipped": 0,
    "hasSkipped": false
  },
  "results": [
    {
      "uuid": "03e4828d-48cd-4b4a-b092-36b024881ab0",
      "title": "",
      "fullFile": "cypress\\e2e\\test\\search.cy.js",
      "file": "cypress\\e2e\\test\\search.cy.js",
      "beforeHooks": [],
      "afterHooks": [],
      "tests": [],
      "suites": [
        {
          "uuid": "12f85f18-9b47-4cec-a6bf-6767f89c634e",
          "title": "Contact",
          "fullFile": "",
          "file": "",
          "beforeHooks": [],
          "afterHooks": [],
          "tests": [
            {
              "title": "Invalid search",
              "fullTitle": "Contact Invalid search",
              "timedOut": null,
              "duration": 68776,
              "state": "passed",
              "speed": "slow",
              "pass": true,
              "fail": false,
              "pending": false,
              "context": null,
              "code": "cy.get(\"#signInOrRegister\").click(); //Login on to site.\ncy.origin(\"https://dev-mlluudmotpwoldtv.us.auth0.com\", {\n  args: {}\n}, ({}) => {});\nconst fakeEmail = faker.internet.email(); // const fakePassword = faker.internet.password();\ncy.get(_authentication.default.SignUpTab).click();\n_authentication.default.login(fakeEmail, 'Password1'); // Assertion\n\ncy.get(\"#product-0\").should('be.visible');\ncy.get(_search.default.searchInput).should('be.visible').type('food');\ncy.get(_filterSort.default.itemName).should('not.exist');",
              "err": {},
              "uuid": "ad599185-4699-403f-a43f-4200008e21ba",
              "parentUUID": "12f85f18-9b47-4cec-a6bf-6767f89c634e",
              "isHook": false,
              "skipped": false
            },
            {
              "title": "Valid search",
              "fullTitle": "Contact Valid search",
              "timedOut": null,
              "duration": 11206,
              "state": "passed",
              "speed": "slow",
              "pass": true,
              "fail": false,
              "pending": false,
              "context": null,
              "code": "cy.get(\"#signInOrRegister\").click(); //Login on to site.\ncy.origin(\"https://dev-mlluudmotpwoldtv.us.auth0.com\", {\n  args: {}\n}, ({}) => {});\nconst fakeEmail = faker.internet.email(); // const fakePassword = faker.internet.password();\ncy.get(_authentication.default.SignUpTab).click();\n_authentication.default.login(fakeEmail, 'Password1'); // Assertion\n\ncy.get(\"#product-0\").should('be.visible');\ncy.get(_search.default.searchInput).should('be.visible').type('pants');\ncy.get(_filterSort.default.itemCategory).should('exist').and('contain.text', 'pants');",
              "err": {},
              "uuid": "44b64388-e716-4c4c-80e3-f35d63eebd3a",
              "parentUUID": "12f85f18-9b47-4cec-a6bf-6767f89c634e",
              "isHook": false,
              "skipped": false
            },
            {
              "title": "Valid search then reset filters",
              "fullTitle": "Contact Valid search then reset filters",
              "timedOut": null,
              "duration": 10566,
              "state": "passed",
              "speed": "slow",
              "pass": true,
              "fail": false,
              "pending": false,
              "context": null,
              "code": "cy.get(\"#signInOrRegister\").click(); //Login on to site.\ncy.origin(\"https://dev-mlluudmotpwoldtv.us.auth0.com\", {\n  args: {}\n}, ({}) => {});\nconst fakeEmail = faker.internet.email();\ncy.get(_authentication.default.SignUpTab).click();\n_authentication.default.login(fakeEmail, 'Password1'); // Assertion\n\ncy.get(\"#product-0\").should('be.visible');\ncy.get(_search.default.searchInput).should('be.visible').type('hat');\ncy.get(_filterSort.default.itemCategory).should('contain.text', 'hat');\ncy.get(_filterSort.default.resetBtn).click();\ncy.get(_filterSort.default.itemCategory).should('be.visible');\ncy.get(_search.default.searchInput).should('be.empty');",
              "err": {},
              "uuid": "8fada91f-4601-4d33-a982-e4500ef33014",
              "parentUUID": "12f85f18-9b47-4cec-a6bf-6767f89c634e",
              "isHook": false,
              "skipped": false
            }
          ],
          "suites": [],
          "passes": [
            "ad599185-4699-403f-a43f-4200008e21ba",
            "44b64388-e716-4c4c-80e3-f35d63eebd3a",
            "8fada91f-4601-4d33-a982-e4500ef33014"
          ],
          "failures": [],
          "pending": [],
          "skipped": [],
          "duration": 90548,
          "root": false,
          "rootEmpty": false,
          "_timeout": 2000
        }
      ],
      "passes": [],
      "failures": [],
      "pending": [],
      "skipped": [],
      "duration": 0,
      "root": true,
      "rootEmpty": true,
      "_timeout": 2000
    }
  ],
  "meta": {
    "mocha": {
      "version": "7.0.1"
    },
    "mochawesome": {
      "options": {
        "quiet": false,
        "reportFilename": "mochawesome",
        "saveHtml": false,
        "saveJson": true,
        "consoleReporter": "spec",
        "useInlineDiffs": false,
        "code": true
      },
      "version": "7.1.3"
    },
    "marge": {
      "options": {
        "reportDir": "cypress/reports",
        "overwrite": false,
        "html": false,
        "json": true
      },
      "version": "6.2.0"
    }
  }
}