{
  "stats": {
    "suites": 1,
    "tests": 3,
    "passes": 2,
    "pending": 0,
    "failures": 1,
    "start": "2022-12-17T13:57:53.182Z",
    "end": "2022-12-17T13:59:16.088Z",
    "duration": 82906,
    "testsRegistered": 3,
    "passPercent": 66.66666666666666,
    "pendingPercent": 0,
    "other": 0,
    "hasOther": false,
    "skipped": 0,
    "hasSkipped": false
  },
  "results": [
    {
      "uuid": "f4fe5713-3703-445f-8ee9-e546d2abef3c",
      "title": "",
      "fullFile": "cypress\\e2e\\test\\filterSort.cy.js",
      "file": "cypress\\e2e\\test\\filterSort.cy.js",
      "beforeHooks": [],
      "afterHooks": [],
      "tests": [],
      "suites": [
        {
          "uuid": "212b3fd5-c663-4f0a-bd64-b21c2c3288cf",
          "title": "Contact",
          "fullFile": "",
          "file": "",
          "beforeHooks": [],
          "afterHooks": [],
          "tests": [
            {
              "title": "Sort A to Z",
              "fullTitle": "Contact Sort A to Z",
              "timedOut": null,
              "duration": 33122,
              "state": "passed",
              "speed": "slow",
              "pass": true,
              "fail": false,
              "pending": false,
              "context": null,
              "code": "cy.get(\"#signInOrRegister\").click(); //Login on to site.\ncy.origin(\"https://dev-mlluudmotpwoldtv.us.auth0.com\", {\n  args: {}\n}, ({}) => {});\nconst fakeEmail = faker.internet.email(); // const fakePassword = faker.internet.password();\ncy.get(_authentication.default.SignUpTab).click();\n_authentication.default.login(fakeEmail, 'Password1');\n_filterSort.default.selectSort(_product.default.sort['A to Z']); // Assertion\n\ncy.get(\"#product-0\").should('be.visible'); // Sort data list based on name, from A to Z\n_product.default.products.sort();\ncy.get(_filterSort.default.itemName).each(($elem, index) => {\n  expect($elem.text()).equal(_product.default.products[index].name);\n});",
              "err": {},
              "uuid": "02e7013c-6979-47d1-8f46-a536673704bf",
              "parentUUID": "212b3fd5-c663-4f0a-bd64-b21c2c3288cf",
              "isHook": false,
              "skipped": false
            },
            {
              "title": "Filter by category ",
              "fullTitle": "Contact Filter by category ",
              "timedOut": null,
              "duration": 22707,
              "state": "passed",
              "speed": "slow",
              "pass": true,
              "fail": false,
              "pending": false,
              "context": null,
              "code": "cy.get(\"#signInOrRegister\").click(); //Login on to site.\ncy.origin(\"https://dev-mlluudmotpwoldtv.us.auth0.com\", {\n  args: {}\n}, ({}) => {});\nconst fakeEmail = faker.internet.email(); // const fakePassword = faker.internet.password();\ncy.get(_authentication.default.SignUpTab).click();\n_authentication.default.login(fakeEmail, 'Password1');\n_filterSort.default.selectCategory(_product.default.category['Shirts']); // Assertion\n\ncy.get(\"#product-0\").should('be.visible'); // Sort data list based on name, from A to Z\n_product.default.products.sort();\ncy.get(_filterSort.default.itemCategory).each(($elem, index) => {\n  expect($elem.text()).contain(_product.default.products[index].category);\n});",
              "err": {},
              "uuid": "9a064b48-3204-4ea9-b321-33fecdfe7b7f",
              "parentUUID": "212b3fd5-c663-4f0a-bd64-b21c2c3288cf",
              "isHook": false,
              "skipped": false
            },
            {
              "title": "High to Low ",
              "fullTitle": "Contact High to Low ",
              "timedOut": null,
              "duration": 22369,
              "state": "failed",
              "speed": null,
              "pass": false,
              "fail": true,
              "pending": false,
              "context": null,
              "code": "cy.get(\"#signInOrRegister\").click(); //Login on to site.\ncy.origin(\"https://dev-mlluudmotpwoldtv.us.auth0.com\", {\n  args: {}\n}, ({}) => {});\nconst fakeEmail = faker.internet.email(); // const fakePassword = faker.internet.password();\ncy.get(_authentication.default.SignUpTab).click();\n_authentication.default.login(fakeEmail, 'Password1');\n_filterSort.default.selectSort(_product.default.sort['High to Low']); // Assertion\n\ncy.get(\"#product-0\").should('be.visible'); // Sort data list based on price, from high to low\n_product.default.products.sort((a, b) => b.price / a.price);\ncy.get(_filterSort.default.itemPrice).each(($elem, index) => {\n  expect($elem.text()).equal(`$${_product.default.products[index].price}`);\n});",
              "err": {
                "message": "AssertionError: expected 'Favorites [0]' to equal '$30'",
                "estack": "AssertionError: expected 'Favorites [0]' to equal '$30'\n    at Context.eval (webpack:///./cypress/e2e/test/filterSort.cy.js:90:30)",
                "diff": "- 'Favorites [0]'\n+ '$30'\n"
              },
              "uuid": "078cf692-efcd-4cff-8aab-392e21b694c5",
              "parentUUID": "212b3fd5-c663-4f0a-bd64-b21c2c3288cf",
              "isHook": false,
              "skipped": false
            }
          ],
          "suites": [],
          "passes": [
            "02e7013c-6979-47d1-8f46-a536673704bf",
            "9a064b48-3204-4ea9-b321-33fecdfe7b7f"
          ],
          "failures": [
            "078cf692-efcd-4cff-8aab-392e21b694c5"
          ],
          "pending": [],
          "skipped": [],
          "duration": 78198,
          "root": false,
          "rootEmpty": false,
          "_timeout": 2000
        }
      ],
      "passes": [],
      "failures": [],
      "pending": [],
      "skipped": [],
      "duration": 0,
      "root": true,
      "rootEmpty": true,
      "_timeout": 2000
    }
  ],
  "meta": {
    "mocha": {
      "version": "7.0.1"
    },
    "mochawesome": {
      "options": {
        "quiet": false,
        "reportFilename": "mochawesome",
        "saveHtml": false,
        "saveJson": true,
        "consoleReporter": "spec",
        "useInlineDiffs": false,
        "code": true
      },
      "version": "7.1.3"
    },
    "marge": {
      "options": {
        "reportDir": "cypress/reports",
        "overwrite": false,
        "html": false,
        "json": true
      },
      "version": "6.2.0"
    }
  }
}