{
  "stats": {
    "suites": 1,
    "tests": 3,
    "passes": 2,
    "pending": 0,
    "failures": 1,
    "start": "2022-12-18T00:34:16.497Z",
    "end": "2022-12-18T00:36:10.651Z",
    "duration": 114154,
    "testsRegistered": 3,
    "passPercent": 66.66666666666666,
    "pendingPercent": 0,
    "other": 0,
    "hasOther": false,
    "skipped": 0,
    "hasSkipped": false
  },
  "results": [
    {
      "uuid": "7d111f24-ae2a-4a24-ad0b-53563716bc46",
      "title": "",
      "fullFile": "cypress\\e2e\\test\\checkout.cy.js",
      "file": "cypress\\e2e\\test\\checkout.cy.js",
      "beforeHooks": [],
      "afterHooks": [],
      "tests": [],
      "suites": [
        {
          "uuid": "8820e2df-2076-4b04-b7fc-f33e6ea562a3",
          "title": "Checkout",
          "fullFile": "",
          "file": "",
          "beforeHooks": [],
          "afterHooks": [],
          "tests": [
            {
              "title": "Successfullyy checkout flow",
              "fullTitle": "Checkout Successfullyy checkout flow",
              "timedOut": null,
              "duration": 33678,
              "state": "failed",
              "speed": null,
              "pass": false,
              "fail": true,
              "pending": false,
              "context": null,
              "code": "//cy.visit(\"/\");\ncy.get(\"#signInOrRegister\").click(); //Login on to site.\ncy.origin(\"https://dev-mlluudmotpwoldtv.us.auth0.com\", {\n  args: {}\n}, ({}) => {});\ncy.get(_authentication.default.SignUpTab).click();\n_authentication.default.login(fakeEmail, 'Password1'); // Assertion\n\ncy.get(\"#product-0\").should('be.visible');\n_addToCart.default.addToCart('Quality Fitted Hat');\ncy.wait(4500);\ncy.get('section.snipcart-cart__content').should('be.visible');\ncy.get(_cart.default.checkoutBtn).should('be.visible').click();\n_checkout.default.billingInfo(faker.name.fullName(), fakeEmail, faker.address.streetAddress(), faker.address.buildingNumber(), faker.address.city(), faker.address.country(), faker.address.state(), faker.address.zipCode());\ncy.get(_checkout.default.continPayBtn).should('be.visible').and('contain.text', 'Continue to payment').click();\ncy.iframe('.snipcart-payment-card-form iframe').find('#card-number').type('4242 4242 4242 4242');\ncy.iframe('.snipcart-payment-card-form iframe').find('#cvv').type('123');\ncy.iframe('.snipcart-payment-card-form iframe').find('#cvv').type('07/28');\ncy.get(_checkout.default.payOrderBtn).should('exist').and('contain.text', 'Place order').click();\ncy.get(_checkout.default.invoiceText).should('exist').and('contain.text', 'Invoice number');",
              "err": {
                "message": "AssertionError: Timed out retrying after 4000ms: expected '<div.snipcart-base-button__label>' to be 'visible'\n\nThis element `<div.snipcart-base-button__label>` is not visible because it has CSS property: `position: fixed` and it's being covered by another element:\n\n`<li class=\"snipcart-typeahead__suggestion snipcart-typeahead__suggestion--option snipcart-typeahead__suggestion--powered-by-google\">...</li>`",
                "estack": "AssertionError: Timed out retrying after 4000ms: expected '<div.snipcart-base-button__label>' to be 'visible'\n\nThis element `<div.snipcart-base-button__label>` is not visible because it has CSS property: `position: fixed` and it's being covered by another element:\n\n`<li class=\"snipcart-typeahead__suggestion snipcart-typeahead__suggestion--option snipcart-typeahead__suggestion--powered-by-google\">...</li>`\n    at Context.eval (webpack:///./cypress/e2e/test/checkout.cy.js:36:38)",
                "diff": null
              },
              "uuid": "2d41a61c-d592-4509-b29d-ff68ab7a3304",
              "parentUUID": "8820e2df-2076-4b04-b7fc-f33e6ea562a3",
              "isHook": false,
              "skipped": false
            },
            {
              "title": "Missing field in billing information ",
              "fullTitle": "Checkout Missing field in billing information ",
              "timedOut": null,
              "duration": 31079,
              "state": "passed",
              "speed": "slow",
              "pass": true,
              "fail": false,
              "pending": false,
              "context": null,
              "code": "//cy.visit(\"/\");\ncy.get(\"#signInOrRegister\").click(); //Login on to site.\ncy.origin(\"https://dev-mlluudmotpwoldtv.us.auth0.com\", {\n  args: {}\n}, ({}) => {}); //cy.get(Authen.SignUpTab).click();\n_authentication.default.login(fakeEmail, 'Password1'); // Assertion\n\ncy.get(\"#product-0\").should('be.visible');\n_addToCart.default.addToCart('Quality Fitted Hat');\ncy.wait(4500);\ncy.get('section.snipcart-cart__content').should('be.visible');\ncy.get(_cart.default.checkoutBtn).should('be.visible').click();\n_checkout.default.billingInfoForNegative(faker.name.fullName(), faker.address.streetAddress(), faker.address.buildingNumber(), faker.address.city(), faker.address.country(), faker.address.state(), faker.address.zipCode());\ncy.get(_checkout.default.continPayBtn).should('exist').and('contain.text', 'Continue to payment').click({\n  force: true\n});\ncy.get(_checkout.default.requiredEmailMessage).should('be.visible').and('contain.text', 'This field is required');",
              "err": {},
              "uuid": "76611c14-5bec-4f35-98d3-376a0bd93be4",
              "parentUUID": "8820e2df-2076-4b04-b7fc-f33e6ea562a3",
              "isHook": false,
              "skipped": false
            },
            {
              "title": "Edit billing after continue to payment",
              "fullTitle": "Checkout Edit billing after continue to payment",
              "timedOut": null,
              "duration": 48538,
              "state": "passed",
              "speed": "slow",
              "pass": true,
              "fail": false,
              "pending": false,
              "context": null,
              "code": "//cy.visit(\"/\");\ncy.get(\"#signInOrRegister\").click(); //Login on to site.\ncy.origin(\"https://dev-mlluudmotpwoldtv.us.auth0.com\", {\n  args: {}\n}, ({}) => {}); //cy.get(Authen.SignUpTab).click();\n_authentication.default.login(fakeEmail, 'Password1'); // Assertion\n\ncy.get(\"#product-0\").should('be.visible');\n_addToCart.default.addToCart('Quality Fitted Hat');\ncy.wait(4500);\ncy.get('section.snipcart-cart__content').should('be.visible');\ncy.get(_cart.default.checkoutBtn).should('be.visible').click();\n_checkout.default.billingInfo(faker.name.fullName(), fakeEmail, faker.address.streetAddress(), faker.address.buildingNumber(), faker.address.city(), faker.address.country(), faker.address.state(), faker.address.zipCode());\ncy.get(_checkout.default.continPayBtn).should('be.visible').and('contain.text', 'Continue to payment').click({\n  force: true\n});\ncy.iframe('.snipcart-payment-card-form iframe').find('#card-number').type('4242 4242 4242 4242');\ncy.iframe('.snipcart-payment-card-form iframe').find('#cvv').type('123');\ncy.iframe('.snipcart-payment-card-form iframe').find('#cvv').type('07/28');\ncy.get(_checkout.default.editBilling).should('exist').click();\ncy.get(_checkout.default.emailInput).clear();\ncy.get(_checkout.default.emailInput).type('justaemail@myemail.com', {\n  force: true\n}).and('have.value', 'justaemail@myemail.com');\ncy.get(_checkout.default.continPayBtn).should('be.visible').and('contain.text', 'Continue to payment').click({\n  force: true\n});\ncy.iframe('.snipcart-payment-card-form iframe').find('#card-number').type('4242 4242 4242 4242');\ncy.iframe('.snipcart-payment-card-form iframe').find('#cvv').type('123');\ncy.iframe('.snipcart-payment-card-form iframe').find('#cvv').type('07/28');\ncy.get(_checkout.default.payOrderBtn).should('exist').and('contain.text', 'Place order').click();\ncy.get(_checkout.default.invoiceText).should('exist').and('contain.text', 'Invoice number');",
              "err": {},
              "uuid": "a80be779-c8fb-4641-a66a-58a6b5a3722b",
              "parentUUID": "8820e2df-2076-4b04-b7fc-f33e6ea562a3",
              "isHook": false,
              "skipped": false
            }
          ],
          "suites": [],
          "passes": [
            "76611c14-5bec-4f35-98d3-376a0bd93be4",
            "a80be779-c8fb-4641-a66a-58a6b5a3722b"
          ],
          "failures": [
            "2d41a61c-d592-4509-b29d-ff68ab7a3304"
          ],
          "pending": [],
          "skipped": [],
          "duration": 113295,
          "root": false,
          "rootEmpty": false,
          "_timeout": 2000
        }
      ],
      "passes": [],
      "failures": [],
      "pending": [],
      "skipped": [],
      "duration": 0,
      "root": true,
      "rootEmpty": true,
      "_timeout": 2000
    }
  ],
  "meta": {
    "mocha": {
      "version": "7.0.1"
    },
    "mochawesome": {
      "options": {
        "quiet": false,
        "reportFilename": "mochawesome",
        "saveHtml": false,
        "saveJson": true,
        "consoleReporter": "spec",
        "useInlineDiffs": false,
        "code": true
      },
      "version": "7.1.3"
    },
    "marge": {
      "options": {
        "reportDir": "cypress/reports",
        "overwrite": false,
        "html": false,
        "json": true
      },
      "version": "6.2.0"
    }
  }
}