{
  "stats": {
    "suites": 1,
    "tests": 3,
    "passes": 2,
    "pending": 0,
    "failures": 1,
    "start": "2022-12-18T00:36:45.319Z",
    "end": "2022-12-18T00:37:24.432Z",
    "duration": 39113,
    "testsRegistered": 3,
    "passPercent": 66.66666666666666,
    "pendingPercent": 0,
    "other": 0,
    "hasOther": false,
    "skipped": 0,
    "hasSkipped": false
  },
  "results": [
    {
      "uuid": "b3db9b5b-5a4e-4c1d-b69a-98afb2fdc899",
      "title": "",
      "fullFile": "cypress\\e2e\\test\\contact.cy.js",
      "file": "cypress\\e2e\\test\\contact.cy.js",
      "beforeHooks": [],
      "afterHooks": [],
      "tests": [],
      "suites": [
        {
          "uuid": "efde69bb-5e66-4353-ade4-aae3be91191c",
          "title": "Contact",
          "fullFile": "",
          "file": "",
          "beforeHooks": [],
          "afterHooks": [],
          "tests": [
            {
              "title": "Navigate to contact page",
              "fullTitle": "Contact Navigate to contact page",
              "timedOut": null,
              "duration": 15882,
              "state": "passed",
              "speed": "slow",
              "pass": true,
              "fail": false,
              "pending": false,
              "context": null,
              "code": "cy.get(\"#signInOrRegister\").click(); //Login on to site.\ncy.origin(\"https://dev-mlluudmotpwoldtv.us.auth0.com\", {\n  args: {}\n}, ({}) => {});\nconst fakeEmail = faker.internet.email(); // const fakePassword = faker.internet.password();\ncy.get(_authentication.default.SignUpTab).click();\n_authentication.default.login(fakeEmail, 'Password1'); // Assertion\n\ncy.get(\"#product-0\").should('be.visible');\ncy.get(_contact.default.contactBtn).should('be.visible').click({\n  force: true\n});\ncy.get(_contact.default.hText).should('be.visible');",
              "err": {},
              "uuid": "d9d89dfb-7b8d-45dc-b61f-55a7ec307e02",
              "parentUUID": "efde69bb-5e66-4353-ade4-aae3be91191c",
              "isHook": false,
              "skipped": false
            },
            {
              "title": "Successful message is send",
              "fullTitle": "Contact Successful message is send",
              "timedOut": null,
              "duration": 9139,
              "state": "failed",
              "speed": null,
              "pass": false,
              "fail": true,
              "pending": false,
              "context": null,
              "code": "cy.get(\"#signInOrRegister\").click(); //Login on to site.\ncy.origin(\"https://dev-mlluudmotpwoldtv.us.auth0.com\", {\n  args: {}\n}, ({}) => {});\nconst fakeEmail = faker.internet.email(); // const fakePassword = faker.internet.password();\ncy.get(_authentication.default.SignUpTab).click();\n_authentication.default.login(fakeEmail, 'Password1'); // Assertion\n\ncy.get(\"#product-0\").should('be.visible');\ncy.get(_contact.default.contactBtn).should('be.visible').click({\n  force: true\n});\ncy.get(_contact.default.hText).should('be.visible');\n_contact.default.contactInfor(faker.name.firstName(), faker.name.lastName(), fakeEmail, faker.random.word(), faker.random.word());\ncy.get(_contact.default.messageSentNotification).should('be.visible').and('contain.text', 'Your message has been sent!');",
              "err": {
                "message": "AssertionError: Timed out retrying after 4000ms: Expected to find element: `#product-0`, but never found it.",
                "estack": "AssertionError: Timed out retrying after 4000ms: Expected to find element: `#product-0`, but never found it.\n    at Context.eval (webpack:///./cypress/e2e/test/contact.cy.js:49:21)",
                "diff": null
              },
              "uuid": "3f269f40-d956-45b7-8803-3e920dbad291",
              "parentUUID": "efde69bb-5e66-4353-ade4-aae3be91191c",
              "isHook": false,
              "skipped": false
            },
            {
              "title": "Missing field ",
              "fullTitle": "Contact Missing field ",
              "timedOut": null,
              "duration": 13804,
              "state": "passed",
              "speed": "slow",
              "pass": true,
              "fail": false,
              "pending": false,
              "context": null,
              "code": "cy.get(\"#signInOrRegister\").click(); //Login on to site.\ncy.origin(\"https://dev-mlluudmotpwoldtv.us.auth0.com\", {\n  args: {}\n}, ({}) => {});\nconst fakeEmail = faker.internet.email(); // const fakePassword = faker.internet.password();\ncy.get(_authentication.default.SignUpTab).click();\n_authentication.default.login(fakeEmail, 'Password1'); // Assertion\n\ncy.get(\"#product-0\").should('be.visible');\ncy.get(_contact.default.contactBtn).should('be.visible').click({\n  force: true\n});\ncy.get(_contact.default.hText).should('be.visible');\n_contact.default.contactInforNegative(faker.name.firstName(), faker.name.lastName(), fakeEmail, faker.random.word());\ncy.get(_contact.default.messageSentNotification).should('not.exist');",
              "err": {},
              "uuid": "3c9d90e2-d138-4a09-bcb7-5e827b4b521d",
              "parentUUID": "efde69bb-5e66-4353-ade4-aae3be91191c",
              "isHook": false,
              "skipped": false
            }
          ],
          "suites": [],
          "passes": [
            "d9d89dfb-7b8d-45dc-b61f-55a7ec307e02",
            "3c9d90e2-d138-4a09-bcb7-5e827b4b521d"
          ],
          "failures": [
            "3f269f40-d956-45b7-8803-3e920dbad291"
          ],
          "pending": [],
          "skipped": [],
          "duration": 38825,
          "root": false,
          "rootEmpty": false,
          "_timeout": 2000
        }
      ],
      "passes": [],
      "failures": [],
      "pending": [],
      "skipped": [],
      "duration": 0,
      "root": true,
      "rootEmpty": true,
      "_timeout": 2000
    }
  ],
  "meta": {
    "mocha": {
      "version": "7.0.1"
    },
    "mochawesome": {
      "options": {
        "quiet": false,
        "reportFilename": "mochawesome",
        "saveHtml": false,
        "saveJson": true,
        "consoleReporter": "spec",
        "useInlineDiffs": false,
        "code": true
      },
      "version": "7.1.3"
    },
    "marge": {
      "options": {
        "reportDir": "cypress/reports",
        "overwrite": false,
        "html": false,
        "json": true
      },
      "version": "6.2.0"
    }
  }
}