{
  "stats": {
    "suites": 1,
    "tests": 3,
    "passes": 3,
    "pending": 0,
    "failures": 0,
    "start": "2022-12-18T00:32:58.074Z",
    "end": "2022-12-18T00:33:45.909Z",
    "duration": 47835,
    "testsRegistered": 3,
    "passPercent": 100,
    "pendingPercent": 0,
    "other": 0,
    "hasOther": false,
    "skipped": 0,
    "hasSkipped": false
  },
  "results": [
    {
      "uuid": "948e47eb-b308-40a3-8943-9bb61d733ff4",
      "title": "",
      "fullFile": "cypress\\e2e\\test\\cart.cy.js",
      "file": "cypress\\e2e\\test\\cart.cy.js",
      "beforeHooks": [],
      "afterHooks": [],
      "tests": [],
      "suites": [
        {
          "uuid": "68776e54-8154-46ed-b2c5-aeb1f548f0d4",
          "title": "Cart",
          "fullFile": "",
          "file": "",
          "beforeHooks": [],
          "afterHooks": [],
          "tests": [
            {
              "title": "Remove item from cart",
              "fullTitle": "Cart Remove item from cart",
              "timedOut": null,
              "duration": 20110,
              "state": "passed",
              "speed": "slow",
              "pass": true,
              "fail": false,
              "pending": false,
              "context": null,
              "code": "cy.get(\"#signInOrRegister\").click(); //Login on to site.\ncy.origin(\"https://dev-mlluudmotpwoldtv.us.auth0.com\", {\n  args: {}\n}, ({}) => {});\n_authentication.default.login('test1@tester.com', 'Password1'); // Assertion\n\ncy.get(\"#product-0\").should('be.visible');\n_addToCart.default.addToCart('Quality Mousepad');\ncy.get('section.snipcart-cart__content').should('be.visible');\n_cart.default.removeItem('1');\ncy.get(_cart.default.emptyCartMessage).should('be.visible').and('contain.text', 'Your cart is empty');",
              "err": {},
              "uuid": "e5fb3c93-1344-4962-b8f3-e5a40294cd2d",
              "parentUUID": "68776e54-8154-46ed-b2c5-aeb1f548f0d4",
              "isHook": false,
              "skipped": false
            },
            {
              "title": "Increase quantity of item in cart",
              "fullTitle": "Cart Increase quantity of item in cart",
              "timedOut": null,
              "duration": 13871,
              "state": "passed",
              "speed": "slow",
              "pass": true,
              "fail": false,
              "pending": false,
              "context": null,
              "code": "cy.get(\"#signInOrRegister\").click(); //Login on to site.\ncy.origin(\"https://dev-mlluudmotpwoldtv.us.auth0.com\", {\n  args: {}\n}, ({}) => {});\n_authentication.default.login('test1@tester.com', 'Password1'); // Assertion\n\ncy.get(\"#product-0\").should('be.visible');\n_addToCart.default.addToCart('Quality Mousepad');\ncy.get('section.snipcart-cart__content').should('be.visible');\ncy.get(_cart.default.inceaseQuantityBtn).click();\ncy.get(_cart.default.quantityNumber).should('be.visible').and('have.text', 2);",
              "err": {},
              "uuid": "52548547-bb35-4e3d-b103-252e38c222e0",
              "parentUUID": "68776e54-8154-46ed-b2c5-aeb1f548f0d4",
              "isHook": false,
              "skipped": false
            },
            {
              "title": "Checkout button should not be displayed in empty cart",
              "fullTitle": "Cart Checkout button should not be displayed in empty cart",
              "timedOut": null,
              "duration": 13379,
              "state": "passed",
              "speed": "slow",
              "pass": true,
              "fail": false,
              "pending": false,
              "context": null,
              "code": "cy.get(\"#signInOrRegister\").click(); //Login on to site.\ncy.origin(\"https://dev-mlluudmotpwoldtv.us.auth0.com\", {\n  args: {}\n}, ({}) => {}); //cy.get(Authen.SignUpTab).click();\n_authentication.default.login('test1@tester.com', 'Password1'); // Assertion\n\ncy.get(\"#product-0\").should('be.visible'); //Use cy.wait(3500) for cart button to load properly to be clickable\ncy.wait(3500);\ncy.get(_cart.default.cartBtn).should('be.visible').click({\n  force: true\n});\ncy.wait(1500);\ncy.get(_cart.default.emptyCartMessage).should('be.visible'); //Assertion for negative test\ncy.get(_cart.default.checkoutBtn).should('not.exist');",
              "err": {},
              "uuid": "6b7456f6-67be-4b48-8b4c-5e2a2afd59ec",
              "parentUUID": "68776e54-8154-46ed-b2c5-aeb1f548f0d4",
              "isHook": false,
              "skipped": false
            }
          ],
          "suites": [],
          "passes": [
            "e5fb3c93-1344-4962-b8f3-e5a40294cd2d",
            "52548547-bb35-4e3d-b103-252e38c222e0",
            "6b7456f6-67be-4b48-8b4c-5e2a2afd59ec"
          ],
          "failures": [],
          "pending": [],
          "skipped": [],
          "duration": 47360,
          "root": false,
          "rootEmpty": false,
          "_timeout": 2000
        }
      ],
      "passes": [],
      "failures": [],
      "pending": [],
      "skipped": [],
      "duration": 0,
      "root": true,
      "rootEmpty": true,
      "_timeout": 2000
    }
  ],
  "meta": {
    "mocha": {
      "version": "7.0.1"
    },
    "mochawesome": {
      "options": {
        "quiet": false,
        "reportFilename": "mochawesome",
        "saveHtml": false,
        "saveJson": true,
        "consoleReporter": "spec",
        "useInlineDiffs": false,
        "code": true
      },
      "version": "7.1.3"
    },
    "marge": {
      "options": {
        "reportDir": "cypress/reports",
        "overwrite": false,
        "html": false,
        "json": true
      },
      "version": "6.2.0"
    }
  }
}