{
  "stats": {
    "suites": 1,
    "tests": 3,
    "passes": 1,
    "pending": 0,
    "failures": 2,
    "start": "2022-12-17T13:52:05.169Z",
    "end": "2022-12-17T13:53:53.481Z",
    "duration": 108312,
    "testsRegistered": 3,
    "passPercent": 33.33333333333333,
    "pendingPercent": 0,
    "other": 0,
    "hasOther": false,
    "skipped": 0,
    "hasSkipped": false
  },
  "results": [
    {
      "uuid": "161cf886-a0fd-45fa-84a3-e7d7ac6e8f60",
      "title": "",
      "fullFile": "cypress\\e2e\\test\\checkout.cy.js",
      "file": "cypress\\e2e\\test\\checkout.cy.js",
      "beforeHooks": [],
      "afterHooks": [],
      "tests": [],
      "suites": [
        {
          "uuid": "219deed0-f3df-45d2-9b48-2d17c5b460b1",
          "title": "Checkout",
          "fullFile": "",
          "file": "",
          "beforeHooks": [],
          "afterHooks": [],
          "tests": [
            {
              "title": "Successfullyy checkout flow",
              "fullTitle": "Checkout Successfullyy checkout flow",
              "timedOut": null,
              "duration": 25929,
              "state": "failed",
              "speed": null,
              "pass": false,
              "fail": true,
              "pending": false,
              "context": null,
              "code": "//cy.visit(\"/\");\ncy.get(\"#signInOrRegister\").click(); //Login on to site.\ncy.origin(\"https://dev-mlluudmotpwoldtv.us.auth0.com\", {\n  args: {}\n}, ({}) => {});\ncy.get(_authentication.default.SignUpTab).click();\n_authentication.default.login(fakeEmail, 'Password1'); // Assertion\n\ncy.get(\"#product-0\").should('be.visible');\n_addToCart.default.addToCart('Quality Fitted Hat');\ncy.wait(4500);\ncy.get('section.snipcart-cart__content').should('be.visible');\ncy.get(_cart.default.checkoutBtn).should('be.visible').click();\n_checkout.default.billingInfo(faker.name.fullName(), fakeEmail, faker.address.streetAddress(), faker.address.buildingNumber(), faker.address.city(), faker.address.country(), faker.address.state(), faker.address.zipCode());\ncy.get(_checkout.default.continPayBtn).should('be.visible').and('contain.text', 'Continue to payment').click();\ncy.iframe('.snipcart-payment-card-form iframe').find('#card-number').type('4242 4242 4242 4242');\ncy.iframe('.snipcart-payment-card-form iframe').find('#cvv').type('123');\ncy.iframe('.snipcart-payment-card-form iframe').find('#cvv').type('07/28');\ncy.get(_checkout.default.payOrderBtn).should('exist').and('contain.text', 'Place order').click();\ncy.get(_checkout.default.invoiceText).should('exist').and('contain.text', 'Invoice number');",
              "err": {
                "message": "AssertionError: Timed out retrying after 4000ms: Expected to find element: `section.snipcart-cart__content`, but never found it.",
                "estack": "AssertionError: Timed out retrying after 4000ms: Expected to find element: `section.snipcart-cart__content`, but never found it.\n    at Context.eval (webpack:///./cypress/e2e/test/checkout.cy.js:33:49)",
                "diff": null
              },
              "uuid": "54aadfbd-2793-4109-9d7a-d0a54b074275",
              "parentUUID": "219deed0-f3df-45d2-9b48-2d17c5b460b1",
              "isHook": false,
              "skipped": false
            },
            {
              "title": "Missing field in billing information ",
              "fullTitle": "Checkout Missing field in billing information ",
              "timedOut": null,
              "duration": 19724,
              "state": "passed",
              "speed": "slow",
              "pass": true,
              "fail": false,
              "pending": false,
              "context": null,
              "code": "//cy.visit(\"/\");\ncy.get(\"#signInOrRegister\").click(); //Login on to site.\ncy.origin(\"https://dev-mlluudmotpwoldtv.us.auth0.com\", {\n  args: {}\n}, ({}) => {}); //cy.get(Authen.SignUpTab).click();\n_authentication.default.login(fakeEmail, 'Password1'); // Assertion\n\ncy.get(\"#product-0\").should('be.visible');\n_addToCart.default.addToCart('Quality Fitted Hat');\ncy.wait(4500);\ncy.get('section.snipcart-cart__content').should('be.visible');\ncy.get(_cart.default.checkoutBtn).should('be.visible').click();\n_checkout.default.billingInfoForNegative(faker.name.fullName(), faker.address.streetAddress(), faker.address.buildingNumber(), faker.address.city(), faker.address.country(), faker.address.state(), faker.address.zipCode());\ncy.get(_checkout.default.continPayBtn).should('exist').and('contain.text', 'Continue to payment').click({\n  force: true\n});\ncy.get(_checkout.default.requiredEmailMessage).should('be.visible').and('contain.text', 'This field is required');",
              "err": {},
              "uuid": "44004597-53a0-4349-8447-8e8c27678d13",
              "parentUUID": "219deed0-f3df-45d2-9b48-2d17c5b460b1",
              "isHook": false,
              "skipped": false
            },
            {
              "title": "Edit billing after continue to payment",
              "fullTitle": "Checkout Edit billing after continue to payment",
              "timedOut": null,
              "duration": 59708,
              "state": "failed",
              "speed": null,
              "pass": false,
              "fail": true,
              "pending": false,
              "context": null,
              "code": "//cy.visit(\"/\");\ncy.get(\"#signInOrRegister\").click(); //Login on to site.\ncy.origin(\"https://dev-mlluudmotpwoldtv.us.auth0.com\", {\n  args: {}\n}, ({}) => {}); //cy.get(Authen.SignUpTab).click();\n_authentication.default.login(fakeEmail, 'Password1'); // Assertion\n\ncy.get(\"#product-0\").should('be.visible');\n_addToCart.default.addToCart('Quality Fitted Hat');\ncy.wait(4500);\ncy.get('section.snipcart-cart__content').should('be.visible');\ncy.get(_cart.default.checkoutBtn).should('be.visible').click();\n_checkout.default.billingInfo(faker.name.fullName(), fakeEmail, faker.address.streetAddress(), faker.address.buildingNumber(), faker.address.city(), faker.address.country(), faker.address.state(), faker.address.zipCode());\ncy.get(_checkout.default.continPayBtn).should('be.visible').and('contain.text', 'Continue to payment').click({\n  force: true\n});\ncy.iframe('.snipcart-payment-card-form iframe').find('#card-number').type('4242 4242 4242 4242');\ncy.iframe('.snipcart-payment-card-form iframe').find('#cvv').type('123');\ncy.iframe('.snipcart-payment-card-form iframe').find('#cvv').type('07/28');\ncy.get(_checkout.default.editBilling).should('exist').click();\ncy.get(_checkout.default.emailInput).clear();\ncy.get(_checkout.default.emailInput).type('justaemail@myemail.com', {\n  force: true\n}).and('have.value', 'justaemail@myemail.com');\ncy.get(_checkout.default.continPayBtn).should('be.visible').and('contain.text', 'Continue to payment').click({\n  force: true\n});\ncy.iframe('.snipcart-payment-card-form iframe').find('#card-number').type('4242 4242 4242 4242');\ncy.iframe('.snipcart-payment-card-form iframe').find('#cvv').type('123');\ncy.iframe('.snipcart-payment-card-form iframe').find('#cvv').type('07/28');\ncy.get(_checkout.default.payOrderBtn).should('exist').and('contain.text', 'Place order').click();\ncy.get(_checkout.default.invoiceText).should('exist').and('contain.text', 'Invoice number');",
              "err": {
                "message": "AssertionError: Timed out retrying after 4000ms: Expected to find element: `.snipcart-order__invoice-number`, but never found it.",
                "estack": "AssertionError: Timed out retrying after 4000ms: Expected to find element: `.snipcart-order__invoice-number`, but never found it.\n    at Context.eval (webpack:///./cypress/e2e/test/checkout.cy.js:101:41)",
                "diff": null
              },
              "uuid": "71f227ba-0d0f-40eb-bed3-56033491db3c",
              "parentUUID": "219deed0-f3df-45d2-9b48-2d17c5b460b1",
              "isHook": false,
              "skipped": false
            }
          ],
          "suites": [],
          "passes": [
            "44004597-53a0-4349-8447-8e8c27678d13"
          ],
          "failures": [
            "54aadfbd-2793-4109-9d7a-d0a54b074275",
            "71f227ba-0d0f-40eb-bed3-56033491db3c"
          ],
          "pending": [],
          "skipped": [],
          "duration": 105361,
          "root": false,
          "rootEmpty": false,
          "_timeout": 2000
        }
      ],
      "passes": [],
      "failures": [],
      "pending": [],
      "skipped": [],
      "duration": 0,
      "root": true,
      "rootEmpty": true,
      "_timeout": 2000
    }
  ],
  "meta": {
    "mocha": {
      "version": "7.0.1"
    },
    "mochawesome": {
      "options": {
        "quiet": false,
        "reportFilename": "mochawesome",
        "saveHtml": false,
        "saveJson": true,
        "consoleReporter": "spec",
        "useInlineDiffs": false,
        "code": true
      },
      "version": "7.1.3"
    },
    "marge": {
      "options": {
        "reportDir": "cypress/reports",
        "overwrite": false,
        "html": false,
        "json": true
      },
      "version": "6.2.0"
    }
  }
}