{
  "stats": {
    "suites": 1,
    "tests": 3,
    "passes": 3,
    "pending": 0,
    "failures": 0,
    "start": "2022-12-18T00:40:43.143Z",
    "end": "2022-12-18T00:41:35.382Z",
    "duration": 52239,
    "testsRegistered": 3,
    "passPercent": 100,
    "pendingPercent": 0,
    "other": 0,
    "hasOther": false,
    "skipped": 0,
    "hasSkipped": false
  },
  "results": [
    {
      "uuid": "b36e5837-bccd-4998-b806-8f879adf1dcf",
      "title": "",
      "fullFile": "cypress\\e2e\\test\\search.cy.js",
      "file": "cypress\\e2e\\test\\search.cy.js",
      "beforeHooks": [],
      "afterHooks": [],
      "tests": [],
      "suites": [
        {
          "uuid": "4f8024cd-b853-4c5e-a766-75ef248ebee7",
          "title": "Contact",
          "fullFile": "",
          "file": "",
          "beforeHooks": [],
          "afterHooks": [],
          "tests": [
            {
              "title": "Invalid search",
              "fullTitle": "Contact Invalid search",
              "timedOut": null,
              "duration": 14772,
              "state": "passed",
              "speed": "slow",
              "pass": true,
              "fail": false,
              "pending": false,
              "context": null,
              "code": "cy.get(\"#signInOrRegister\").click(); //Login on to site.\ncy.origin(\"https://dev-mlluudmotpwoldtv.us.auth0.com\", {\n  args: {}\n}, ({}) => {});\nconst fakeEmail = faker.internet.email(); // const fakePassword = faker.internet.password();\ncy.get(_authentication.default.SignUpTab).click();\n_authentication.default.login(fakeEmail, 'Password1'); // Assertion\n\ncy.get(\"#product-0\").should('be.visible');\ncy.get(_search.default.searchInput).should('be.visible').type('food');\ncy.get(_filterSort.default.itemName).should('not.exist');",
              "err": {},
              "uuid": "fe2c5086-42e6-445d-9e48-97c79fa4f1a8",
              "parentUUID": "4f8024cd-b853-4c5e-a766-75ef248ebee7",
              "isHook": false,
              "skipped": false
            },
            {
              "title": "Valid search",
              "fullTitle": "Contact Valid search",
              "timedOut": null,
              "duration": 17221,
              "state": "passed",
              "speed": "slow",
              "pass": true,
              "fail": false,
              "pending": false,
              "context": null,
              "code": "cy.get(\"#signInOrRegister\").click(); //Login on to site.\ncy.origin(\"https://dev-mlluudmotpwoldtv.us.auth0.com\", {\n  args: {}\n}, ({}) => {});\nconst fakeEmail = faker.internet.email(); // const fakePassword = faker.internet.password();\ncy.get(_authentication.default.SignUpTab).click();\n_authentication.default.login(fakeEmail, 'Password1'); // Assertion\n\ncy.get(\"#product-0\").should('be.visible');\ncy.get(_search.default.searchInput).should('be.visible').type('pants');\ncy.get(_filterSort.default.itemCategory).should('exist').and('contain.text', 'pants');",
              "err": {},
              "uuid": "d0513625-7399-49c4-a494-5435910749ec",
              "parentUUID": "4f8024cd-b853-4c5e-a766-75ef248ebee7",
              "isHook": false,
              "skipped": false
            },
            {
              "title": "Valid search then reset filters",
              "fullTitle": "Contact Valid search then reset filters",
              "timedOut": null,
              "duration": 19456,
              "state": "passed",
              "speed": "slow",
              "pass": true,
              "fail": false,
              "pending": false,
              "context": null,
              "code": "cy.get(\"#signInOrRegister\").click(); //Login on to site.\ncy.origin(\"https://dev-mlluudmotpwoldtv.us.auth0.com\", {\n  args: {}\n}, ({}) => {});\nconst fakeEmail = faker.internet.email();\ncy.get(_authentication.default.SignUpTab).click();\n_authentication.default.login(fakeEmail, 'Password1'); // Assertion\n\ncy.get(\"#product-0\").should('be.visible');\ncy.get(_search.default.searchInput).should('be.visible').type('hat');\ncy.get(_filterSort.default.itemCategory).should('contain.text', 'hat');\ncy.get(_filterSort.default.resetBtn).click();\ncy.get(_filterSort.default.itemCategory).should('be.visible');\ncy.get(_search.default.searchInput).should('be.empty');",
              "err": {},
              "uuid": "5b0c8919-4e26-4e24-9a97-e1d49b9ae830",
              "parentUUID": "4f8024cd-b853-4c5e-a766-75ef248ebee7",
              "isHook": false,
              "skipped": false
            }
          ],
          "suites": [],
          "passes": [
            "fe2c5086-42e6-445d-9e48-97c79fa4f1a8",
            "d0513625-7399-49c4-a494-5435910749ec",
            "5b0c8919-4e26-4e24-9a97-e1d49b9ae830"
          ],
          "failures": [],
          "pending": [],
          "skipped": [],
          "duration": 51449,
          "root": false,
          "rootEmpty": false,
          "_timeout": 2000
        }
      ],
      "passes": [],
      "failures": [],
      "pending": [],
      "skipped": [],
      "duration": 0,
      "root": true,
      "rootEmpty": true,
      "_timeout": 2000
    }
  ],
  "meta": {
    "mocha": {
      "version": "7.0.1"
    },
    "mochawesome": {
      "options": {
        "quiet": false,
        "reportFilename": "mochawesome",
        "saveHtml": false,
        "saveJson": true,
        "consoleReporter": "spec",
        "useInlineDiffs": false,
        "code": true
      },
      "version": "7.1.3"
    },
    "marge": {
      "options": {
        "reportDir": "cypress/reports",
        "overwrite": false,
        "html": false,
        "json": true
      },
      "version": "6.2.0"
    }
  }
}